1585291360 | /files2/ | index.php
1585291362 | /files2/index.php | files2
1585291364 | /files2/index.php?id=contact | index.php
1585291365 | /files2/index.php?id=about | index.php?id=contact
1585291366 | /files2/index.php?id=info | index.php?id=about
1585291369 | /files2/ | index.php
1585291370 | /files2/index.php?id=log | files2
1585291781 | /files2/index.php?id=log | files2
1585309688 | / | 
1585309693 | / | 
1585309694 | / | 
1585309694 | / | 
1585309731 | / | 
1585310283 | /index.php | index.php
1585310285 | /index.php | index.php
1585310289 | /index.php | index.php
1585310294 | /index.php | index.php
1585310341 | /index.php | index.php
1585310460 | /index.php?id=log | index.php
1585310463 | /index.php?id=log | index.php
1585310464 | /index.php?id=log | index.php
1585310466 | /index.php | index.php?id=log
1585311624 | / | 
1585311629 | /index.php?id=contact | mysite.local
1585311629 | /index.php?id=about | index.php?id=contact
1585311630 | /index.php?id=info | index.php?id=about
1585311637 | /index.php | index.php
1585311638 | /index.php?id=log | index.php
1585311640 | /index.php?id=log | index.php
1585311641 | /index.php?id=log | index.php
1585311641 | /index.php?id=log | index.php
1585311643 | /index.php?id=log | index.php
1585311644 | /index.php?id=log | index.php
1585311651 | /index.php | index.php
1585336482 | / | 
1585336487 | /index.php | mysite.local
1585336489 | /index.php?id=log | index.php
1585336499 | /index.php?id=contact | index.php?id=log
1585336502 | /index.php?id=log | index.php?id=contact
1585336504 | /index.php | index.php?id=log
1585336505 | /index.php?id=contact | index.php
1585336506 | /index.php?id=about | index.php?id=contact
1585336507 | /index.php?id=info | index.php?id=about
1585582736 | / | 
1585582743 | /index.php?id=gbook | mysite.local
